<?xml version="1.0" encoding="UTF-8"?>
<!-- Generated by org.testng.reporters.JUnitXMLReporter -->
<testsuite ignored="0" hostname="DESKTOP-IUDGAA6" failures="0" tests="3" name="Test-2" time="60.021" errors="0" timestamp="2025-05-14T11:32:51 IST">
  <testcase classname="TestNG.BaseClass" name="@AfterMethod configAM" time="0.042">
    <failure type="org.openqa.selenium.NoSuchSessionException" message="Session ID is null. Using WebDriver after calling quit()?
Build info: version: &amp;apos;4.13.0&amp;apos;, revision: &amp;apos;ba948ece5b*&amp;apos;
System info: os.name: &amp;apos;Windows 11&amp;apos;, os.arch: &amp;apos;amd64&amp;apos;, os.version: &amp;apos;10.0&amp;apos;, java.version: &amp;apos;22.0.2&amp;apos;
Driver info: org.openqa.selenium.chrome.ChromeDriver
Command: [null, actions {actions=[org.openqa.selenium.interactions.Sequence@2146bcbf]}]
Capabilities {acceptInsecureCerts: false, browserName: chrome, browserVersion: 127.0.6533.89, chrome: {chromedriverVersion: 127.0.6533.119 (bdef6783a05..., userDataDir: C:\Users\BSATIS~1\AppData\L...}, fedcm:accounts: true, goog:chromeOptions: {debuggerAddress: localhost:61496}, networkConnectionEnabled: false, pageLoadStrategy: normal, platformName: windows, proxy: Proxy(), se:cdp: ws://localhost:61496/devtoo..., se:cdpVersion: 127.0.6533.89, setWindowRect: true, strictFileInteractability: false, timeouts: {implicit: 0, pageLoad: 300000, script: 30000}, unhandledPromptBehavior: dismiss and notify, webauthn:extension:credBlob: true, webauthn:extension:largeBlob: true, webauthn:extension:minPinLength: true, webauthn:extension:prf: true, webauthn:virtualAuthenticators: true}">
      <![CDATA[org.openqa.selenium.NoSuchSessionException: Session ID is null. Using WebDriver after calling quit()?
Build info: version: '4.13.0', revision: 'ba948ece5b*'
System info: os.name: 'Windows 11', os.arch: 'amd64', os.version: '10.0', java.version: '22.0.2'
Driver info: org.openqa.selenium.chrome.ChromeDriver
Command: [null, actions {actions=[org.openqa.selenium.interactions.Sequence@2146bcbf]}]
Capabilities {acceptInsecureCerts: false, browserName: chrome, browserVersion: 127.0.6533.89, chrome: {chromedriverVersion: 127.0.6533.119 (bdef6783a05..., userDataDir: C:\Users\BSATIS~1\AppData\L...}, fedcm:accounts: true, goog:chromeOptions: {debuggerAddress: localhost:61496}, networkConnectionEnabled: false, pageLoadStrategy: normal, platformName: windows, proxy: Proxy(), se:cdp: ws://localhost:61496/devtoo..., se:cdpVersion: 127.0.6533.89, setWindowRect: true, strictFileInteractability: false, timeouts: {implicit: 0, pageLoad: 300000, script: 30000}, unhandledPromptBehavior: dismiss and notify, webauthn:extension:credBlob: true, webauthn:extension:largeBlob: true, webauthn:extension:minPinLength: true, webauthn:extension:prf: true, webauthn:virtualAuthenticators: true}
at org.openqa.selenium.remote.HttpCommandExecutor.execute(HttpCommandExecutor.java:152)
at org.openqa.selenium.remote.service.DriverCommandExecutor.invokeExecute(DriverCommandExecutor.java:196)
at org.openqa.selenium.remote.service.DriverCommandExecutor.execute(DriverCommandExecutor.java:171)
at org.openqa.selenium.remote.RemoteWebDriver.execute(RemoteWebDriver.java:602)
at org.openqa.selenium.remote.RemoteWebDriver.perform(RemoteWebDriver.java:688)
at org.openqa.selenium.interactions.Actions$BuiltAction.perform(Actions.java:605)
at org.openqa.selenium.interactions.Actions.perform(Actions.java:574)
at POMRepository.OrgInfoPage.LogOut(OrgInfoPage.java:76)
at TestNG.BaseClass.configAM(BaseClass.java:79)
at java.base/java.util.ArrayList.forEach(ArrayList.java:1597)
at java.base/java.util.concurrent.FutureTask.run(FutureTask.java:317)
at java.base/java.util.concurrent.ThreadPoolExecutor.runWorker(ThreadPoolExecutor.java:1144)
at java.base/java.util.concurrent.ThreadPoolExecutor$Worker.run(ThreadPoolExecutor.java:642)
at java.base/java.lang.Thread.run(Thread.java:1570)
... Removed 21 stack frames]]>
    </failure>
  </testcase> <!-- @AfterMethod configAM -->
  <testcase classname="TestNG.BaseClass" name="@BeforeMethod configBM" time="-1.747202571363E9">
    <skipped/>
  </testcase> <!-- @BeforeMethod configBM -->
  <testcase classname="TestNG.BaseClass" name="@AfterMethod configAM" time="-1.747202571371E9">
    <skipped/>
  </testcase> <!-- @AfterMethod configAM -->
  <testcase classname="TestNG.BaseClass" name="@BeforeMethod configBM" time="-1.747202571379E9">
    <skipped/>
  </testcase> <!-- @BeforeMethod configBM -->
  <testcase classname="TestNG.BaseClass" name="@AfterMethod configAM" time="-1.747202571393E9">
    <skipped/>
  </testcase> <!-- @AfterMethod configAM -->
  <testcase classname="TestNG.BaseClass" name="@AfterClass configAC" time="-1.747202571396E9">
    <skipped/>
  </testcase> <!-- @AfterClass configAC -->
  <testcase classname="FileUtility.CreateOrganization" name="CreateOrganisationTestUsingGenericUtility" time="39.025"/>
  <testcase classname="FileUtility.CreateOrganization" name="GenericUtilityWithIndustries" time="0.0">
    <skipped/>
  </testcase> <!-- GenericUtilityWithIndustries -->
  <testcase classname="FileUtility.CreateOrganization" name="GenericUtilityWithPhoneNumber" time="0.0">
    <skipped/>
  </testcase> <!-- GenericUtilityWithPhoneNumber -->
</testsuite> <!-- Test-2 -->
