<?xml version="1.0" encoding="UTF-8"?>
<!-- Generated by org.testng.reporters.JUnitXMLReporter -->
<testsuite ignored="2" hostname="DESKTOP-IUDGAA6" failures="0" tests="1" name="Test" time="21.662" errors="0" timestamp="2025-05-16T16:36:52 IST">
  <testcase classname="FileUtility.CreateOrganization" name="CreateOrganisationTestUsingGenericUtility" time="9.485"/>
  <testcase classname="FileUtility.CreateOrganization" name="GenericUtilityWithPhoneNumber" time="0.0">
    <ignored/>
  </testcase> <!-- GenericUtilityWithPhoneNumber -->
  <testcase classname="FileUtility.CreateOrganization" name="GenericUtilityWithIndustries" time="0.0">
    <ignored/>
  </testcase> <!-- GenericUtilityWithIndustries -->
</testsuite> <!-- Test -->
