<?xml version="1.0" encoding="UTF-8"?>
<testng-results ignored="0" total="3" passed="2" failed="1" skipped="0">
  <reporter-output>
  </reporter-output>
  <suite started-at="2025-05-16T17:12:27 IST" name="Default suite" finished-at="2025-05-16T17:13:06 IST" duration-ms="39295">
    <groups>
      <group name="regressionTest">
        <method signature="CreateOrganization.GenericUtilityWithIndustries()[pri:0, instance:FileUtility.CreateOrganization@75d3a5e0]" name="GenericUtilityWithIndustries" class="FileUtility.CreateOrganization"/>
        <method signature="CreateOrganization.GenericUtilityWithPhoneNumber()[pri:0, instance:FileUtility.CreateOrganization@75d3a5e0]" name="GenericUtilityWithPhoneNumber" class="FileUtility.CreateOrganization"/>
      </group> <!-- regressionTest -->
      <group name="smokeTest">
        <method signature="CreateOrganization.CreateOrganisationTestUsingGenericUtility()[pri:0, instance:FileUtility.CreateOrganization@75d3a5e0]" name="CreateOrganisationTestUsingGenericUtility" class="FileUtility.CreateOrganization"/>
      </group> <!-- smokeTest -->
    </groups>
    <test started-at="2025-05-16T17:12:27 IST" name="Default test" finished-at="2025-05-16T17:13:06 IST" duration-ms="39295">
      <class name="FileUtility.CreateOrganization">
        <test-method is-config="true" signature="configBS()[pri:0, instance:FileUtility.CreateOrganization@75d3a5e0]" started-at="2025-05-16T17:12:27 IST" name="configBS" finished-at="2025-05-16T17:12:27 IST" duration-ms="540" status="PASS">
          <reporter-output>
          </reporter-output>
        </test-method> <!-- configBS -->
        <test-method is-config="true" signature="configBC()[pri:0, instance:FileUtility.CreateOrganization@75d3a5e0]" started-at="2025-05-16T17:12:27 IST" name="configBC" finished-at="2025-05-16T17:12:31 IST" duration-ms="3607" status="PASS">
          <reporter-output>
          </reporter-output>
        </test-method> <!-- configBC -->
        <test-method is-config="true" signature="configBM()[pri:0, instance:FileUtility.CreateOrganization@75d3a5e0]" started-at="2025-05-16T17:12:31 IST" name="configBM" finished-at="2025-05-16T17:12:42 IST" duration-ms="10894" status="PASS">
          <reporter-output>
          </reporter-output>
        </test-method> <!-- configBM -->
        <test-method signature="CreateOrganisationTestUsingGenericUtility()[pri:0, instance:FileUtility.CreateOrganization@75d3a5e0]" started-at="2025-05-16T17:12:42 IST" name="CreateOrganisationTestUsingGenericUtility" finished-at="2025-05-16T17:12:42 IST" duration-ms="9" status="FAIL">
          <exception class="java.lang.NullPointerException">
            <message>
              <![CDATA[Cannot invoke "com.aventstack.extentreports.ExtentTest.log(com.aventstack.extentreports.Status, String)" because the return value of "WebDriverUtility.UtilityClassObject.getTest()" is null]]>
            </message>
            <full-stacktrace>
              <![CDATA[java.lang.NullPointerException: Cannot invoke "com.aventstack.extentreports.ExtentTest.log(com.aventstack.extentreports.Status, String)" because the return value of "WebDriverUtility.UtilityClassObject.getTest()" is null
at FileUtility.CreateOrganization.CreateOrganisationTestUsingGenericUtility(CreateOrganization.java:21)
at java.base/jdk.internal.reflect.DirectMethodHandleAccessor.invoke(DirectMethodHandleAccessor.java:103)
at java.base/java.lang.reflect.Method.invoke(Method.java:580)
at org.testng.internal.MethodInvocationHelper.invokeMethod(MethodInvocationHelper.java:133)
at org.testng.internal.TestInvoker.invokeMethod(TestInvoker.java:598)
at org.testng.internal.TestInvoker.invokeTestMethod(TestInvoker.java:173)
at org.testng.internal.MethodRunner.runInSequence(MethodRunner.java:46)
at org.testng.internal.TestInvoker$MethodInvocationAgent.invoke(TestInvoker.java:824)
at org.testng.internal.TestInvoker.invokeTestMethods(TestInvoker.java:146)
at org.testng.internal.TestMethodWorker.invokeTestMethods(TestMethodWorker.java:146)
at org.testng.internal.TestMethodWorker.run(TestMethodWorker.java:128)
at java.base/java.util.ArrayList.forEach(ArrayList.java:1597)
at org.testng.TestRunner.privateRun(TestRunner.java:794)
at org.testng.TestRunner.run(TestRunner.java:596)
at org.testng.SuiteRunner.runTest(SuiteRunner.java:377)
at org.testng.SuiteRunner.runSequentially(SuiteRunner.java:371)
at org.testng.SuiteRunner.privateRun(SuiteRunner.java:332)
at org.testng.SuiteRunner.run(SuiteRunner.java:276)
at org.testng.SuiteRunnerWorker.runSuite(SuiteRunnerWorker.java:53)
at org.testng.SuiteRunnerWorker.run(SuiteRunnerWorker.java:96)
at org.testng.TestNG.runSuitesSequentially(TestNG.java:1212)
at org.testng.TestNG.runSuitesLocally(TestNG.java:1134)
at org.testng.TestNG.runSuites(TestNG.java:1063)
at org.testng.TestNG.run(TestNG.java:1031)
at org.testng.remote.AbstractRemoteTestNG.run(AbstractRemoteTestNG.java:115)
at org.testng.remote.RemoteTestNG.initAndRun(RemoteTestNG.java:293)
at org.testng.remote.RemoteTestNG.main(RemoteTestNG.java:91)
]]>
            </full-stacktrace>
          </exception> <!-- java.lang.NullPointerException -->
          <reporter-output>
          </reporter-output>
        </test-method> <!-- CreateOrganisationTestUsingGenericUtility -->
        <test-method is-config="true" signature="configAM()[pri:0, instance:FileUtility.CreateOrganization@75d3a5e0]" started-at="2025-05-16T17:12:42 IST" name="configAM" finished-at="2025-05-16T17:12:44 IST" duration-ms="2197" status="PASS">
          <reporter-output>
          </reporter-output>
        </test-method> <!-- configAM -->
        <test-method is-config="true" signature="configBM()[pri:0, instance:FileUtility.CreateOrganization@75d3a5e0]" started-at="2025-05-16T17:12:44 IST" name="configBM" finished-at="2025-05-16T17:12:46 IST" duration-ms="2214" status="PASS">
          <reporter-output>
          </reporter-output>
        </test-method> <!-- configBM -->
        <test-method signature="GenericUtilityWithIndustries()[pri:0, instance:FileUtility.CreateOrganization@75d3a5e0]" started-at="2025-05-16T17:12:46 IST" name="GenericUtilityWithIndustries" finished-at="2025-05-16T17:12:55 IST" duration-ms="9230" status="PASS">
          <reporter-output>
          </reporter-output>
        </test-method> <!-- GenericUtilityWithIndustries -->
        <test-method is-config="true" signature="configAM()[pri:0, instance:FileUtility.CreateOrganization@75d3a5e0]" started-at="2025-05-16T17:12:55 IST" name="configAM" finished-at="2025-05-16T17:12:56 IST" duration-ms="977" status="PASS">
          <reporter-output>
          </reporter-output>
        </test-method> <!-- configAM -->
        <test-method is-config="true" signature="configBM()[pri:0, instance:FileUtility.CreateOrganization@75d3a5e0]" started-at="2025-05-16T17:12:56 IST" name="configBM" finished-at="2025-05-16T17:12:58 IST" duration-ms="1899" status="PASS">
          <reporter-output>
          </reporter-output>
        </test-method> <!-- configBM -->
        <test-method signature="GenericUtilityWithPhoneNumber()[pri:0, instance:FileUtility.CreateOrganization@75d3a5e0]" started-at="2025-05-16T17:12:58 IST" name="GenericUtilityWithPhoneNumber" finished-at="2025-05-16T17:13:06 IST" duration-ms="8231" status="PASS">
          <reporter-output>
          </reporter-output>
        </test-method> <!-- GenericUtilityWithPhoneNumber -->
        <test-method is-config="true" signature="configAM()[pri:0, instance:FileUtility.CreateOrganization@75d3a5e0]" started-at="2025-05-16T17:13:06 IST" name="configAM" finished-at="2025-05-16T17:13:06 IST" duration-ms="7" status="PASS">
          <reporter-output>
          </reporter-output>
        </test-method> <!-- configAM -->
        <test-method is-config="true" signature="configAC()[pri:0, instance:FileUtility.CreateOrganization@75d3a5e0]" started-at="2025-05-16T17:13:06 IST" name="configAC" finished-at="2025-05-16T17:13:06 IST" duration-ms="0" status="PASS">
          <reporter-output>
          </reporter-output>
        </test-method> <!-- configAC -->
        <test-method is-config="true" signature="configAS()[pri:0, instance:FileUtility.CreateOrganization@75d3a5e0]" started-at="2025-05-16T17:13:07 IST" name="configAS" finished-at="2025-05-16T17:13:07 IST" duration-ms="0" status="PASS">
          <reporter-output>
          </reporter-output>
        </test-method> <!-- configAS -->
      </class> <!-- FileUtility.CreateOrganization -->
    </test> <!-- Default test -->
  </suite> <!-- Default suite -->
</testng-results>
