<?xml version="1.0" encoding="UTF-8"?>
<!-- Generated by org.testng.reporters.JUnitReportReporter -->
<testsuite hostname="DESKTOP-IUDGAA6" failures="0" tests="3" name="TestNG.DataProvider" time="0.035" errors="0" timestamp="2025-05-08T15:37:23 IST" skipped="0">
  <testcase classname="TestNG.DataProvider" name="CreateContactTest" time="0.030"/>
  <system-out/>
  <testcase classname="TestNG.DataProvider" name="CreateContactTest" time="0.002"/>
  <system-out/>
  <testcase classname="TestNG.DataProvider" name="CreateContactTest" time="0.003"/>
  <system-out/>
</testsuite> <!-- TestNG.DataProvider -->
