<?xml version="1.0" encoding="UTF-8"?>
<!-- Generated by org.testng.reporters.JUnitReportReporter -->
<testsuite hostname="DESKTOP-IUDGAA6" failures="0" tests="2" name="VerificationTest.HomePageST" time="0.017" errors="0" timestamp="2025-05-14T15:33:10 IST" skipped="0">
  <testcase classname="VerificationTest.HomePageST" name="VerifyLogoHomePage" time="0.001"/>
  <system-out>
    <![CDATA[VerifyLogoHomePageTest Start
Step-1
Step-2
Step-3
Step-4
VerifyLogoHomePageTest End]]>
  </system-out>
  <testcase classname="VerificationTest.HomePageST" name="HomePageVT" time="0.016"/>
  <system-out>
    <![CDATA[HomePageVTTest Start
Step-1
Step-2
Step-3
Step-4
HomePageVTTest End]]>
  </system-out>
</testsuite> <!-- VerificationTest.HomePageST -->
