<?xml version="1.0" encoding="UTF-8"?>
<!-- Generated by org.testng.reporters.JUnitReportReporter -->
<testsuite hostname="DESKTOP-IUDGAA6" failures="0" tests="11" name="TestNG.InvocationTest" time="0.033" errors="0" timestamp="2025-05-08T15:09:32 IST" skipped="0">
  <testcase classname="TestNG.InvocationTest" name="createOrderTest" time="0.001"/>
  <system-out/>
  <testcase classname="TestNG.InvocationTest" name="createOrderTest" time="0.001"/>
  <system-out/>
  <testcase classname="TestNG.InvocationTest" name="createOrderTest" time="0.001"/>
  <system-out/>
  <testcase classname="TestNG.InvocationTest" name="createOrderTest" time="0.001"/>
  <system-out/>
  <testcase classname="TestNG.InvocationTest" name="createOrderTest" time="0.001"/>
  <system-out/>
  <testcase classname="TestNG.InvocationTest" name="createOrderTest" time="0.001"/>
  <system-out/>
  <testcase classname="TestNG.InvocationTest" name="createOrderTest" time="0.001"/>
  <system-out/>
  <testcase classname="TestNG.InvocationTest" name="createOrderTest" time="0.001"/>
  <system-out/>
  <testcase classname="TestNG.InvocationTest" name="createOrderTest" time="0.009"/>
  <system-out/>
  <testcase classname="TestNG.InvocationTest" name="billingAnOrderTest" time="0.014"/>
  <system-out/>
  <testcase classname="TestNG.InvocationTest" name="createOrderTest" time="0.002"/>
  <system-out/>
</testsuite> <!-- TestNG.InvocationTest -->
