<?xml version="1.0" encoding="UTF-8"?>
<!-- Generated by org.testng.reporters.JUnitReportReporter -->
<testsuite hostname="DESKTOP-IUDGAA6" failures="0" tests="3" name="VerificationTest.SampleReportTest" time="12.152" errors="0" timestamp="2025-05-16T12:40:20 IST" skipped="0">
  <testcase classname="VerificationTest.SampleReportTest" name="HomePageVT" time="0.044"/>
  <system-out/>
  <testcase classname="VerificationTest.SampleReportTest" name="CreateContactTest" time="12.081"/>
  <system-out/>
  <testcase classname="VerificationTest.SampleReportTest" name="VerifyLogoHomePage" time="0.027"/>
  <system-out/>
</testsuite> <!-- VerificationTest.SampleReportTest -->
